<?xml version="1.0" encoding="UTF-8" standalone="no"?>
<!DOCTYPE log SYSTEM "logger.dtd">
<log>
<record>
  <date>2025-07-16T09:51:39.222-0300</date>
  <logger>BIANKA VITORIA SILVA LIMA</logger>
  <level>FINE</level>
  <message>File 124110621-BIANKA VITORIA SILVA LIMA.zip was received. It was sent by BIANKA VITORIA SILVA LIMA from IP 150.165.42.132 at 16-07-2025 09*51*38</message>
</record>
</log>
<?xml version="1.0" encoding="UTF-8" standalone="no"?>
<!DOCTYPE log SYSTEM "logger.dtd">
<log>
<record>
  <date>2025-07-20T04:19:30.928-0300</date>
  <logger>BIANKA VITORIA SILVA LIMA</logger>
  <level>FINE</level>
  <message>File 124110621-BIANKA VITORIA SILVA LIMA.zip was received. It was sent by BIANKA VITORIA SILVA LIMA from IP 192.168.18.135 at 20-07-2025 04*19*30</message>
</record>
</log>
<?xml version="1.0" encoding="UTF-8" standalone="no"?>
<!DOCTYPE log SYSTEM "logger.dtd">
<log>
<record>
  <date>2025-07-20T04:22:37.102-0300</date>
  <logger>BIANKA VITORIA SILVA LIMA</logger>
  <level>FINE</level>
  <message>File 124110621-BIANKA VITORIA SILVA LIMA.zip was received. It was sent by BIANKA VITORIA SILVA LIMA from IP 192.168.18.135 at 20-07-2025 04*22*36</message>
</record>
</log>
<?xml version="1.0" encoding="UTF-8" standalone="no"?>
<!DOCTYPE log SYSTEM "logger.dtd">
<log>
<record>
  <date>2025-07-20T04:41:57.031-0300</date>
  <logger>BIANKA VITORIA SILVA LIMA</logger>
  <level>FINE</level>
  <message>File 124110621-BIANKA VITORIA SILVA LIMA.zip was received. It was sent by BIANKA VITORIA SILVA LIMA from IP 192.168.18.135 at 20-07-2025 04*41*56</message>
</record>
</log>
<?xml version="1.0" encoding="UTF-8" standalone="no"?>
<!DOCTYPE log SYSTEM "logger.dtd">
<log>
<record>
  <date>2025-07-20T08:34:27.912-0300</date>
  <logger>BIANKA VITORIA SILVA LIMA</logger>
  <level>FINE</level>
  <message>File 124110621-BIANKA VITORIA SILVA LIMA.zip was received. It was sent by BIANKA VITORIA SILVA LIMA from IP 192.168.18.135 at 20-07-2025 08*34*27</message>
</record>
</log>
<?xml version="1.0" encoding="UTF-8" standalone="no"?>
<!DOCTYPE log SYSTEM "logger.dtd">
<log>
<record>
  <date>2025-07-20T08:36:06.849-0300</date>
  <logger>BIANKA VITORIA SILVA LIMA</logger>
  <level>FINE</level>
  <message>File 124110621-BIANKA VITORIA SILVA LIMA.zip was received. It was sent by BIANKA VITORIA SILVA LIMA from IP 192.168.18.135 at 20-07-2025 08*36*06</message>
</record>
